2023-12-18T15:16:59.163Z  INFO 40817 --- [restartedMain] com.udd.project.ProjectApplication       : Starting ProjectApplication using Java 17.0.9 with PID 40817 (/workspaces/udd/project/target/classes started by codespace in /workspaces/udd/project)
2023-12-18T15:16:59.176Z  INFO 40817 --- [restartedMain] com.udd.project.ProjectApplication       : No active profile set, falling back to 1 default profile: "default"
2023-12-18T15:16:59.351Z  INFO 40817 --- [restartedMain] .e.DevToolsPropertyDefaultsPostProcessor : Devtools property defaults active! Set 'spring.devtools.add-properties' to 'false' to disable
2023-12-18T15:16:59.352Z  INFO 40817 --- [restartedMain] .e.DevToolsPropertyDefaultsPostProcessor : For additional web related logging consider setting the 'logging.level.web' property to 'DEBUG'
2023-12-18T15:17:01.759Z  INFO 40817 --- [restartedMain] .s.d.r.c.RepositoryConfigurationDelegate : Multiple Spring Data modules found, entering strict repository configuration mode
2023-12-18T15:17:01.766Z  INFO 40817 --- [restartedMain] .s.d.r.c.RepositoryConfigurationDelegate : Bootstrapping Spring Data Elasticsearch repositories in DEFAULT mode.
2023-12-18T15:17:01.890Z  INFO 40817 --- [restartedMain] .s.d.r.c.RepositoryConfigurationDelegate : Finished Spring Data repository scanning in 114 ms. Found 1 Elasticsearch repository interfaces.
2023-12-18T15:17:01.920Z  INFO 40817 --- [restartedMain] .s.d.r.c.RepositoryConfigurationDelegate : Multiple Spring Data modules found, entering strict repository configuration mode
2023-12-18T15:17:01.923Z  INFO 40817 --- [restartedMain] .s.d.r.c.RepositoryConfigurationDelegate : Bootstrapping Spring Data Reactive Elasticsearch repositories in DEFAULT mode.
2023-12-18T15:17:01.935Z  INFO 40817 --- [restartedMain] .s.d.r.c.RepositoryConfigurationDelegate : Finished Spring Data repository scanning in 10 ms. Found 0 Reactive Elasticsearch repository interfaces.
2023-12-18T15:17:03.415Z  INFO 40817 --- [restartedMain] o.s.b.w.embedded.tomcat.TomcatWebServer  : Tomcat initialized with port(s): 8080 (http)
2023-12-18T15:17:03.431Z  INFO 40817 --- [restartedMain] o.apache.catalina.core.StandardService   : Starting service [Tomcat]
2023-12-18T15:17:03.432Z  INFO 40817 --- [restartedMain] o.apache.catalina.core.StandardEngine    : Starting Servlet engine: [Apache Tomcat/10.1.15]
2023-12-18T15:17:03.631Z  INFO 40817 --- [restartedMain] o.a.c.c.C.[Tomcat].[localhost].[/]       : Initializing Spring embedded WebApplicationContext
2023-12-18T15:17:03.638Z  INFO 40817 --- [restartedMain] w.s.c.ServletWebServerApplicationContext : Root WebApplicationContext: initialization completed in 4285 ms
2023-12-18T15:17:04.902Z  INFO 40817 --- [restartedMain] o.s.b.d.a.OptionalLiveReloadServer       : LiveReload server is running on port 35729
2023-12-18T15:17:07.597Z  INFO 40817 --- [restartedMain] o.s.b.a.e.web.EndpointLinksResolver      : Exposing 1 endpoint(s) beneath base path '/actuator'
2023-12-18T15:17:07.687Z  INFO 40817 --- [restartedMain] o.s.b.w.embedded.tomcat.TomcatWebServer  : Tomcat started on port(s): 8080 (http) with context path ''
2023-12-18T15:17:07.732Z  INFO 40817 --- [restartedMain] com.udd.project.ProjectApplication       : Started ProjectApplication in 9.384 seconds (process running for 12.303)
2023-12-18T15:17:07.756Z  INFO 40817 --- [restartedMain] com.udd.project.ProjectApplication       : STATISTIC-LOG serveFile -> 
2023-12-18T15:17:10.293Z  INFO 40817 --- [RMI TCP Connection(1)-127.0.0.1] o.a.c.c.C.[Tomcat].[localhost].[/]       : Initializing Spring DispatcherServlet 'dispatcherServlet'
2023-12-18T15:17:10.294Z  INFO 40817 --- [RMI TCP Connection(1)-127.0.0.1] o.s.web.servlet.DispatcherServlet        : Initializing Servlet 'dispatcherServlet'
2023-12-18T15:17:10.296Z  INFO 40817 --- [RMI TCP Connection(1)-127.0.0.1] o.s.web.servlet.DispatcherServlet        : Completed initialization in 1 ms
2023-12-18T15:17:34.067Z  INFO 40817 --- [File Watcher] rtingClassPathChangeChangedEventListener : Restarting due to 1 class path change (0 additions, 0 deletions, 1 modification)
2023-12-18T15:17:34.085Z  INFO 40817 --- [Thread-4] o.apache.catalina.core.StandardService   : Stopping service [Tomcat]
2023-12-18T15:17:34.090Z  INFO 40817 --- [Thread-4] o.a.c.c.C.[Tomcat].[localhost].[/]       : Destroying Spring FrameworkServlet 'dispatcherServlet'
2023-12-18T15:17:34.527Z  INFO 40817 --- [restartedMain] com.udd.project.ProjectApplication       : Starting ProjectApplication using Java 17.0.9 with PID 40817 (/workspaces/udd/project/target/classes started by codespace in /workspaces/udd/project)
2023-12-18T15:17:34.532Z  INFO 40817 --- [restartedMain] com.udd.project.ProjectApplication       : No active profile set, falling back to 1 default profile: "default"
2023-12-18T15:17:35.006Z  INFO 40817 --- [restartedMain] .s.d.r.c.RepositoryConfigurationDelegate : Multiple Spring Data modules found, entering strict repository configuration mode
2023-12-18T15:17:35.007Z  INFO 40817 --- [restartedMain] .s.d.r.c.RepositoryConfigurationDelegate : Bootstrapping Spring Data Elasticsearch repositories in DEFAULT mode.
2023-12-18T15:17:35.015Z  INFO 40817 --- [restartedMain] .s.d.r.c.RepositoryConfigurationDelegate : Finished Spring Data repository scanning in 8 ms. Found 1 Elasticsearch repository interfaces.
2023-12-18T15:17:35.017Z  INFO 40817 --- [restartedMain] .s.d.r.c.RepositoryConfigurationDelegate : Multiple Spring Data modules found, entering strict repository configuration mode
2023-12-18T15:17:35.019Z  INFO 40817 --- [restartedMain] .s.d.r.c.RepositoryConfigurationDelegate : Bootstrapping Spring Data Reactive Elasticsearch repositories in DEFAULT mode.
2023-12-18T15:17:35.024Z  INFO 40817 --- [restartedMain] .s.d.r.c.RepositoryConfigurationDelegate : Finished Spring Data repository scanning in 5 ms. Found 0 Reactive Elasticsearch repository interfaces.
2023-12-18T15:17:35.184Z  INFO 40817 --- [restartedMain] o.s.b.w.embedded.tomcat.TomcatWebServer  : Tomcat initialized with port(s): 8080 (http)
2023-12-18T15:17:35.186Z  INFO 40817 --- [restartedMain] o.apache.catalina.core.StandardService   : Starting service [Tomcat]
2023-12-18T15:17:35.186Z  INFO 40817 --- [restartedMain] o.apache.catalina.core.StandardEngine    : Starting Servlet engine: [Apache Tomcat/10.1.15]
2023-12-18T15:17:35.212Z  INFO 40817 --- [restartedMain] o.a.c.c.C.[Tomcat].[localhost].[/]       : Initializing Spring embedded WebApplicationContext
2023-12-18T15:17:35.213Z  INFO 40817 --- [restartedMain] w.s.c.ServletWebServerApplicationContext : Root WebApplicationContext: initialization completed in 669 ms
2023-12-18T15:17:35.342Z  INFO 40817 --- [restartedMain] o.s.b.d.a.OptionalLiveReloadServer       : LiveReload server is running on port 35729
2023-12-18T15:17:35.594Z  INFO 40817 --- [restartedMain] o.s.b.a.e.web.EndpointLinksResolver      : Exposing 1 endpoint(s) beneath base path '/actuator'
2023-12-18T15:17:35.757Z  INFO 40817 --- [restartedMain] o.s.b.w.embedded.tomcat.TomcatWebServer  : Tomcat started on port(s): 8080 (http) with context path ''
2023-12-18T15:17:35.770Z  INFO 40817 --- [restartedMain] com.udd.project.ProjectApplication       : Started ProjectApplication in 1.368 seconds (process running for 40.341)
2023-12-18T15:17:35.780Z  INFO 40817 --- [restartedMain] .ConditionEvaluationDeltaLoggingListener : Condition evaluation unchanged
2023-12-18T15:17:35.788Z  INFO 40817 --- [restartedMain] com.udd.project.ProjectApplication       : STATISTIC-LOG serveFile -> 
2023-12-18T15:17:52.018Z  INFO 40817 --- [File Watcher] rtingClassPathChangeChangedEventListener : Restarting due to 1 class path change (0 additions, 0 deletions, 1 modification)
2023-12-18T15:17:52.022Z  INFO 40817 --- [Thread-7] o.apache.catalina.core.StandardService   : Stopping service [Tomcat]
2023-12-18T15:17:52.119Z  INFO 40817 --- [restartedMain] com.udd.project.ProjectApplication       : Starting ProjectApplication using Java 17.0.9 with PID 40817 (/workspaces/udd/project/target/classes started by codespace in /workspaces/udd/project)
2023-12-18T15:17:52.120Z  INFO 40817 --- [restartedMain] com.udd.project.ProjectApplication       : No active profile set, falling back to 1 default profile: "default"
2023-12-18T15:17:52.366Z  INFO 40817 --- [restartedMain] .s.d.r.c.RepositoryConfigurationDelegate : Multiple Spring Data modules found, entering strict repository configuration mode
2023-12-18T15:17:52.367Z  INFO 40817 --- [restartedMain] .s.d.r.c.RepositoryConfigurationDelegate : Bootstrapping Spring Data Elasticsearch repositories in DEFAULT mode.
2023-12-18T15:17:52.400Z  INFO 40817 --- [restartedMain] .s.d.r.c.RepositoryConfigurationDelegate : Finished Spring Data repository scanning in 22 ms. Found 1 Elasticsearch repository interfaces.
2023-12-18T15:17:52.402Z  INFO 40817 --- [restartedMain] .s.d.r.c.RepositoryConfigurationDelegate : Multiple Spring Data modules found, entering strict repository configuration mode
2023-12-18T15:17:52.403Z  INFO 40817 --- [restartedMain] .s.d.r.c.RepositoryConfigurationDelegate : Bootstrapping Spring Data Reactive Elasticsearch repositories in DEFAULT mode.
2023-12-18T15:17:52.407Z  INFO 40817 --- [restartedMain] .s.d.r.c.RepositoryConfigurationDelegate : Finished Spring Data repository scanning in 4 ms. Found 0 Reactive Elasticsearch repository interfaces.
2023-12-18T15:17:52.572Z  INFO 40817 --- [restartedMain] o.s.b.w.embedded.tomcat.TomcatWebServer  : Tomcat initialized with port(s): 8080 (http)
2023-12-18T15:17:52.574Z  INFO 40817 --- [restartedMain] o.apache.catalina.core.StandardService   : Starting service [Tomcat]
2023-12-18T15:17:52.575Z  INFO 40817 --- [restartedMain] o.apache.catalina.core.StandardEngine    : Starting Servlet engine: [Apache Tomcat/10.1.15]
2023-12-18T15:17:52.598Z  INFO 40817 --- [restartedMain] o.a.c.c.C.[Tomcat].[localhost].[/]       : Initializing Spring embedded WebApplicationContext
2023-12-18T15:17:52.599Z  INFO 40817 --- [restartedMain] w.s.c.ServletWebServerApplicationContext : Root WebApplicationContext: initialization completed in 476 ms
2023-12-18T15:17:52.671Z  INFO 40817 --- [restartedMain] o.s.b.d.a.OptionalLiveReloadServer       : LiveReload server is running on port 35729
2023-12-18T15:17:52.898Z  INFO 40817 --- [restartedMain] o.s.b.a.e.web.EndpointLinksResolver      : Exposing 1 endpoint(s) beneath base path '/actuator'
2023-12-18T15:17:52.920Z  INFO 40817 --- [restartedMain] o.s.b.w.embedded.tomcat.TomcatWebServer  : Tomcat started on port(s): 8080 (http) with context path ''
2023-12-18T15:17:52.929Z  INFO 40817 --- [restartedMain] com.udd.project.ProjectApplication       : Started ProjectApplication in 0.842 seconds (process running for 57.499)
2023-12-18T15:17:52.933Z  INFO 40817 --- [restartedMain] .ConditionEvaluationDeltaLoggingListener : Condition evaluation unchanged
2023-12-18T15:17:52.935Z  INFO 40817 --- [restartedMain] com.udd.project.ProjectApplication       : STATISTIC-LOG serveFile -> 
2023-12-18T15:18:03.320Z  INFO 40817 --- [File Watcher] rtingClassPathChangeChangedEventListener : Restarting due to 1 class path change (0 additions, 0 deletions, 1 modification)
2023-12-18T15:18:03.325Z  INFO 40817 --- [Thread-11] o.apache.catalina.core.StandardService   : Stopping service [Tomcat]
2023-12-18T15:18:03.426Z  INFO 40817 --- [restartedMain] com.udd.project.ProjectApplication       : Starting ProjectApplication using Java 17.0.9 with PID 40817 (/workspaces/udd/project/target/classes started by codespace in /workspaces/udd/project)
2023-12-18T15:18:03.427Z  INFO 40817 --- [restartedMain] com.udd.project.ProjectApplication       : No active profile set, falling back to 1 default profile: "default"
2023-12-18T15:18:03.936Z  INFO 40817 --- [restartedMain] .s.d.r.c.RepositoryConfigurationDelegate : Multiple Spring Data modules found, entering strict repository configuration mode
2023-12-18T15:18:03.937Z  INFO 40817 --- [restartedMain] .s.d.r.c.RepositoryConfigurationDelegate : Bootstrapping Spring Data Elasticsearch repositories in DEFAULT mode.
2023-12-18T15:18:03.949Z  INFO 40817 --- [restartedMain] .s.d.r.c.RepositoryConfigurationDelegate : Finished Spring Data repository scanning in 11 ms. Found 1 Elasticsearch repository interfaces.
2023-12-18T15:18:03.953Z  INFO 40817 --- [restartedMain] .s.d.r.c.RepositoryConfigurationDelegate : Multiple Spring Data modules found, entering strict repository configuration mode
2023-12-18T15:18:03.953Z  INFO 40817 --- [restartedMain] .s.d.r.c.RepositoryConfigurationDelegate : Bootstrapping Spring Data Reactive Elasticsearch repositories in DEFAULT mode.
2023-12-18T15:18:03.961Z  INFO 40817 --- [restartedMain] .s.d.r.c.RepositoryConfigurationDelegate : Finished Spring Data repository scanning in 7 ms. Found 0 Reactive Elasticsearch repository interfaces.
2023-12-18T15:18:04.097Z  INFO 40817 --- [restartedMain] o.s.b.w.embedded.tomcat.TomcatWebServer  : Tomcat initialized with port(s): 8080 (http)
2023-12-18T15:18:04.099Z  INFO 40817 --- [restartedMain] o.apache.catalina.core.StandardService   : Starting service [Tomcat]
2023-12-18T15:18:04.099Z  INFO 40817 --- [restartedMain] o.apache.catalina.core.StandardEngine    : Starting Servlet engine: [Apache Tomcat/10.1.15]
2023-12-18T15:18:04.117Z  INFO 40817 --- [restartedMain] o.a.c.c.C.[Tomcat].[localhost].[/]       : Initializing Spring embedded WebApplicationContext
2023-12-18T15:18:04.117Z  INFO 40817 --- [restartedMain] w.s.c.ServletWebServerApplicationContext : Root WebApplicationContext: initialization completed in 686 ms
2023-12-18T15:18:04.205Z  INFO 40817 --- [restartedMain] o.s.b.d.a.OptionalLiveReloadServer       : LiveReload server is running on port 35729
2023-12-18T15:18:04.467Z  INFO 40817 --- [restartedMain] o.s.b.a.e.web.EndpointLinksResolver      : Exposing 1 endpoint(s) beneath base path '/actuator'
2023-12-18T15:18:04.489Z  INFO 40817 --- [restartedMain] o.s.b.w.embedded.tomcat.TomcatWebServer  : Tomcat started on port(s): 8080 (http) with context path ''
2023-12-18T15:18:04.498Z  INFO 40817 --- [restartedMain] com.udd.project.ProjectApplication       : Started ProjectApplication in 1.111 seconds (process running for 69.069)
2023-12-18T15:18:04.500Z  INFO 40817 --- [restartedMain] .ConditionEvaluationDeltaLoggingListener : Condition evaluation unchanged
2023-12-18T15:18:04.501Z  INFO 40817 --- [restartedMain] com.udd.project.ProjectApplication       : STATISTIC-LOG serveFile -> 
2023-12-18T15:18:38.914Z  INFO 40817 --- [File Watcher] rtingClassPathChangeChangedEventListener : Restarting due to 1 class path change (0 additions, 0 deletions, 1 modification)
2023-12-18T15:18:38.916Z  INFO 40817 --- [Thread-15] o.apache.catalina.core.StandardService   : Stopping service [Tomcat]
2023-12-18T15:18:39.006Z  INFO 40817 --- [restartedMain] com.udd.project.ProjectApplication       : Starting ProjectApplication using Java 17.0.9 with PID 40817 (/workspaces/udd/project/target/classes started by codespace in /workspaces/udd/project)
2023-12-18T15:18:39.006Z  INFO 40817 --- [restartedMain] com.udd.project.ProjectApplication       : No active profile set, falling back to 1 default profile: "default"
2023-12-18T15:18:39.248Z  INFO 40817 --- [restartedMain] .s.d.r.c.RepositoryConfigurationDelegate : Multiple Spring Data modules found, entering strict repository configuration mode
2023-12-18T15:18:39.249Z  INFO 40817 --- [restartedMain] .s.d.r.c.RepositoryConfigurationDelegate : Bootstrapping Spring Data Elasticsearch repositories in DEFAULT mode.
2023-12-18T15:18:39.255Z  INFO 40817 --- [restartedMain] .s.d.r.c.RepositoryConfigurationDelegate : Finished Spring Data repository scanning in 5 ms. Found 1 Elasticsearch repository interfaces.
2023-12-18T15:18:39.256Z  INFO 40817 --- [restartedMain] .s.d.r.c.RepositoryConfigurationDelegate : Multiple Spring Data modules found, entering strict repository configuration mode
2023-12-18T15:18:39.256Z  INFO 40817 --- [restartedMain] .s.d.r.c.RepositoryConfigurationDelegate : Bootstrapping Spring Data Reactive Elasticsearch repositories in DEFAULT mode.
2023-12-18T15:18:39.258Z  INFO 40817 --- [restartedMain] .s.d.r.c.RepositoryConfigurationDelegate : Finished Spring Data repository scanning in 1 ms. Found 0 Reactive Elasticsearch repository interfaces.
2023-12-18T15:18:39.357Z  INFO 40817 --- [restartedMain] o.s.b.w.embedded.tomcat.TomcatWebServer  : Tomcat initialized with port(s): 8080 (http)
2023-12-18T15:18:39.358Z  INFO 40817 --- [restartedMain] o.apache.catalina.core.StandardService   : Starting service [Tomcat]
2023-12-18T15:18:39.359Z  INFO 40817 --- [restartedMain] o.apache.catalina.core.StandardEngine    : Starting Servlet engine: [Apache Tomcat/10.1.15]
2023-12-18T15:18:39.379Z  INFO 40817 --- [restartedMain] o.a.c.c.C.[Tomcat].[localhost].[/]       : Initializing Spring embedded WebApplicationContext
2023-12-18T15:18:39.380Z  INFO 40817 --- [restartedMain] w.s.c.ServletWebServerApplicationContext : Root WebApplicationContext: initialization completed in 370 ms
2023-12-18T15:18:39.455Z  INFO 40817 --- [restartedMain] o.s.b.d.a.OptionalLiveReloadServer       : LiveReload server is running on port 35729
2023-12-18T15:18:39.602Z  INFO 40817 --- [restartedMain] o.s.b.a.e.web.EndpointLinksResolver      : Exposing 1 endpoint(s) beneath base path '/actuator'
2023-12-18T15:18:39.619Z  INFO 40817 --- [restartedMain] o.s.b.w.embedded.tomcat.TomcatWebServer  : Tomcat started on port(s): 8080 (http) with context path ''
2023-12-18T15:18:39.630Z  INFO 40817 --- [restartedMain] com.udd.project.ProjectApplication       : Started ProjectApplication in 0.651 seconds (process running for 104.201)
2023-12-18T15:18:39.632Z  INFO 40817 --- [restartedMain] .ConditionEvaluationDeltaLoggingListener : Condition evaluation unchanged
2023-12-18T15:18:39.633Z  INFO 40817 --- [restartedMain] com.udd.project.ProjectApplication       : STATISTIC-LOG serveFile -> 
2023-12-18T15:19:26.056Z  INFO 40817 --- [File Watcher] rtingClassPathChangeChangedEventListener : Restarting due to 1 class path change (1 addition, 0 deletions, 0 modifications)
2023-12-18T15:19:26.060Z  INFO 40817 --- [Thread-19] o.apache.catalina.core.StandardService   : Stopping service [Tomcat]
2023-12-18T15:19:26.223Z  INFO 40817 --- [restartedMain] com.udd.project.ProjectApplication       : Starting ProjectApplication using Java 17.0.9 with PID 40817 (/workspaces/udd/project/target/classes started by codespace in /workspaces/udd/project)
2023-12-18T15:19:26.223Z  INFO 40817 --- [restartedMain] com.udd.project.ProjectApplication       : No active profile set, falling back to 1 default profile: "default"
2023-12-18T15:19:26.495Z  INFO 40817 --- [restartedMain] .s.d.r.c.RepositoryConfigurationDelegate : Multiple Spring Data modules found, entering strict repository configuration mode
2023-12-18T15:19:26.496Z  INFO 40817 --- [restartedMain] .s.d.r.c.RepositoryConfigurationDelegate : Bootstrapping Spring Data Elasticsearch repositories in DEFAULT mode.
2023-12-18T15:19:26.505Z  INFO 40817 --- [restartedMain] .s.d.r.c.RepositoryConfigurationDelegate : Finished Spring Data repository scanning in 8 ms. Found 1 Elasticsearch repository interfaces.
2023-12-18T15:19:26.507Z  INFO 40817 --- [restartedMain] .s.d.r.c.RepositoryConfigurationDelegate : Multiple Spring Data modules found, entering strict repository configuration mode
2023-12-18T15:19:26.508Z  INFO 40817 --- [restartedMain] .s.d.r.c.RepositoryConfigurationDelegate : Bootstrapping Spring Data Reactive Elasticsearch repositories in DEFAULT mode.
2023-12-18T15:19:26.510Z  INFO 40817 --- [restartedMain] .s.d.r.c.RepositoryConfigurationDelegate : Finished Spring Data repository scanning in 1 ms. Found 0 Reactive Elasticsearch repository interfaces.
2023-12-18T15:19:26.688Z  INFO 40817 --- [restartedMain] o.s.b.w.embedded.tomcat.TomcatWebServer  : Tomcat initialized with port(s): 8080 (http)
2023-12-18T15:19:26.689Z  INFO 40817 --- [restartedMain] o.apache.catalina.core.StandardService   : Starting service [Tomcat]
2023-12-18T15:19:26.690Z  INFO 40817 --- [restartedMain] o.apache.catalina.core.StandardEngine    : Starting Servlet engine: [Apache Tomcat/10.1.15]
2023-12-18T15:19:26.723Z  INFO 40817 --- [restartedMain] o.a.c.c.C.[Tomcat].[localhost].[/]       : Initializing Spring embedded WebApplicationContext
2023-12-18T15:19:26.725Z  INFO 40817 --- [restartedMain] w.s.c.ServletWebServerApplicationContext : Root WebApplicationContext: initialization completed in 500 ms
2023-12-18T15:19:26.790Z  INFO 40817 --- [restartedMain] o.s.b.d.a.OptionalLiveReloadServer       : LiveReload server is running on port 35729
2023-12-18T15:19:27.080Z  INFO 40817 --- [restartedMain] o.s.b.a.e.web.EndpointLinksResolver      : Exposing 1 endpoint(s) beneath base path '/actuator'
2023-12-18T15:19:27.208Z  INFO 40817 --- [restartedMain] o.s.b.w.embedded.tomcat.TomcatWebServer  : Tomcat started on port(s): 8080 (http) with context path ''
2023-12-18T15:19:27.215Z  INFO 40817 --- [restartedMain] com.udd.project.ProjectApplication       : Started ProjectApplication in 1.029 seconds (process running for 151.785)
2023-12-18T15:19:27.219Z  INFO 40817 --- [restartedMain] .ConditionEvaluationDeltaLoggingListener : Condition evaluation unchanged
2023-12-18T15:19:27.228Z  INFO 40817 --- [restartedMain] com.udd.project.ProjectApplication       : STATISTIC-LOG serveFile -> 
2023-12-18T15:19:37.497Z  INFO 40817 --- [File Watcher] rtingClassPathChangeChangedEventListener : Restarting due to 1 class path change (0 additions, 1 deletion, 0 modifications)
2023-12-18T15:19:37.499Z  INFO 40817 --- [Thread-23] o.apache.catalina.core.StandardService   : Stopping service [Tomcat]
2023-12-18T15:19:37.586Z  INFO 40817 --- [restartedMain] com.udd.project.ProjectApplication       : Starting ProjectApplication using Java 17.0.9 with PID 40817 (/workspaces/udd/project/target/classes started by codespace in /workspaces/udd/project)
2023-12-18T15:19:37.588Z  INFO 40817 --- [restartedMain] com.udd.project.ProjectApplication       : No active profile set, falling back to 1 default profile: "default"
2023-12-18T15:19:37.788Z  INFO 40817 --- [restartedMain] .s.d.r.c.RepositoryConfigurationDelegate : Multiple Spring Data modules found, entering strict repository configuration mode
2023-12-18T15:19:37.789Z  INFO 40817 --- [restartedMain] .s.d.r.c.RepositoryConfigurationDelegate : Bootstrapping Spring Data Elasticsearch repositories in DEFAULT mode.
2023-12-18T15:19:37.795Z  INFO 40817 --- [restartedMain] .s.d.r.c.RepositoryConfigurationDelegate : Finished Spring Data repository scanning in 4 ms. Found 1 Elasticsearch repository interfaces.
2023-12-18T15:19:37.796Z  INFO 40817 --- [restartedMain] .s.d.r.c.RepositoryConfigurationDelegate : Multiple Spring Data modules found, entering strict repository configuration mode
2023-12-18T15:19:37.797Z  INFO 40817 --- [restartedMain] .s.d.r.c.RepositoryConfigurationDelegate : Bootstrapping Spring Data Reactive Elasticsearch repositories in DEFAULT mode.
2023-12-18T15:19:37.804Z  INFO 40817 --- [restartedMain] .s.d.r.c.RepositoryConfigurationDelegate : Finished Spring Data repository scanning in 6 ms. Found 0 Reactive Elasticsearch repository interfaces.
2023-12-18T15:19:37.895Z  INFO 40817 --- [restartedMain] o.s.b.w.embedded.tomcat.TomcatWebServer  : Tomcat initialized with port(s): 8080 (http)
2023-12-18T15:19:37.896Z  INFO 40817 --- [restartedMain] o.apache.catalina.core.StandardService   : Starting service [Tomcat]
2023-12-18T15:19:37.896Z  INFO 40817 --- [restartedMain] o.apache.catalina.core.StandardEngine    : Starting Servlet engine: [Apache Tomcat/10.1.15]
2023-12-18T15:19:37.920Z  INFO 40817 --- [restartedMain] o.a.c.c.C.[Tomcat].[localhost].[/]       : Initializing Spring embedded WebApplicationContext
2023-12-18T15:19:37.920Z  INFO 40817 --- [restartedMain] w.s.c.ServletWebServerApplicationContext : Root WebApplicationContext: initialization completed in 330 ms
2023-12-18T15:19:37.964Z  INFO 40817 --- [restartedMain] o.s.b.d.a.OptionalLiveReloadServer       : LiveReload server is running on port 35729
2023-12-18T15:19:38.073Z  INFO 40817 --- [restartedMain] o.s.b.a.e.web.EndpointLinksResolver      : Exposing 1 endpoint(s) beneath base path '/actuator'
2023-12-18T15:19:38.086Z  INFO 40817 --- [restartedMain] o.s.b.w.embedded.tomcat.TomcatWebServer  : Tomcat started on port(s): 8080 (http) with context path ''
2023-12-18T15:19:38.093Z  INFO 40817 --- [restartedMain] com.udd.project.ProjectApplication       : Started ProjectApplication in 0.527 seconds (process running for 162.663)
2023-12-18T15:19:38.095Z  INFO 40817 --- [restartedMain] .ConditionEvaluationDeltaLoggingListener : Condition evaluation unchanged
2023-12-18T15:19:38.095Z  INFO 40817 --- [restartedMain] com.udd.project.ProjectApplication       : STATISTIC-LOG serveFile -> 
2023-12-18T15:20:22.538Z  INFO 40817 --- [File Watcher] rtingClassPathChangeChangedEventListener : Restarting due to 1 class path change (1 addition, 0 deletions, 0 modifications)
2023-12-18T15:20:22.550Z  INFO 40817 --- [Thread-27] o.apache.catalina.core.StandardService   : Stopping service [Tomcat]
2023-12-18T15:20:22.734Z  INFO 40817 --- [restartedMain] com.udd.project.ProjectApplication       : Starting ProjectApplication using Java 17.0.9 with PID 40817 (/workspaces/udd/project/target/classes started by codespace in /workspaces/udd/project)
2023-12-18T15:20:22.734Z  INFO 40817 --- [restartedMain] com.udd.project.ProjectApplication       : No active profile set, falling back to 1 default profile: "default"
2023-12-18T15:20:22.951Z  INFO 40817 --- [restartedMain] .s.d.r.c.RepositoryConfigurationDelegate : Multiple Spring Data modules found, entering strict repository configuration mode
2023-12-18T15:20:22.952Z  INFO 40817 --- [restartedMain] .s.d.r.c.RepositoryConfigurationDelegate : Bootstrapping Spring Data Elasticsearch repositories in DEFAULT mode.
2023-12-18T15:20:22.960Z  INFO 40817 --- [restartedMain] .s.d.r.c.RepositoryConfigurationDelegate : Finished Spring Data repository scanning in 7 ms. Found 2 Elasticsearch repository interfaces.
2023-12-18T15:20:22.962Z  INFO 40817 --- [restartedMain] .s.d.r.c.RepositoryConfigurationDelegate : Multiple Spring Data modules found, entering strict repository configuration mode
2023-12-18T15:20:22.962Z  INFO 40817 --- [restartedMain] .s.d.r.c.RepositoryConfigurationDelegate : Bootstrapping Spring Data Reactive Elasticsearch repositories in DEFAULT mode.
2023-12-18T15:20:22.964Z  INFO 40817 --- [restartedMain] .s.d.r.c.RepositoryConfigurationDelegate : Finished Spring Data repository scanning in 1 ms. Found 0 Reactive Elasticsearch repository interfaces.
2023-12-18T15:20:23.065Z  INFO 40817 --- [restartedMain] o.s.b.w.embedded.tomcat.TomcatWebServer  : Tomcat initialized with port(s): 8080 (http)
2023-12-18T15:20:23.066Z  INFO 40817 --- [restartedMain] o.apache.catalina.core.StandardService   : Starting service [Tomcat]
2023-12-18T15:20:23.067Z  INFO 40817 --- [restartedMain] o.apache.catalina.core.StandardEngine    : Starting Servlet engine: [Apache Tomcat/10.1.15]
2023-12-18T15:20:23.088Z  INFO 40817 --- [restartedMain] o.a.c.c.C.[Tomcat].[localhost].[/]       : Initializing Spring embedded WebApplicationContext
2023-12-18T15:20:23.088Z  INFO 40817 --- [restartedMain] w.s.c.ServletWebServerApplicationContext : Root WebApplicationContext: initialization completed in 352 ms
2023-12-18T15:20:23.147Z  INFO 40817 --- [restartedMain] o.s.b.d.a.OptionalLiveReloadServer       : LiveReload server is running on port 35729
2023-12-18T15:20:24.074Z  INFO 40817 --- [restartedMain] o.s.b.a.e.web.EndpointLinksResolver      : Exposing 1 endpoint(s) beneath base path '/actuator'
2023-12-18T15:20:24.087Z  INFO 40817 --- [restartedMain] o.s.b.w.embedded.tomcat.TomcatWebServer  : Tomcat started on port(s): 8080 (http) with context path ''
2023-12-18T15:20:24.093Z  INFO 40817 --- [restartedMain] com.udd.project.ProjectApplication       : Started ProjectApplication in 1.378 seconds (process running for 208.664)
2023-12-18T15:20:24.095Z  INFO 40817 --- [restartedMain] .ConditionEvaluationDeltaLoggingListener : Condition evaluation unchanged
2023-12-18T15:20:24.095Z  INFO 40817 --- [restartedMain] com.udd.project.ProjectApplication       : STATISTIC-LOG serveFile -> 
2023-12-18T15:20:37.502Z  INFO 40817 --- [File Watcher] rtingClassPathChangeChangedEventListener : Restarting due to 1 class path change (0 additions, 0 deletions, 1 modification)
2023-12-18T15:20:37.504Z  INFO 40817 --- [Thread-31] o.apache.catalina.core.StandardService   : Stopping service [Tomcat]
2023-12-18T15:20:37.600Z  INFO 40817 --- [restartedMain] com.udd.project.ProjectApplication       : Starting ProjectApplication using Java 17.0.9 with PID 40817 (/workspaces/udd/project/target/classes started by codespace in /workspaces/udd/project)
2023-12-18T15:20:37.601Z  INFO 40817 --- [restartedMain] com.udd.project.ProjectApplication       : No active profile set, falling back to 1 default profile: "default"
2023-12-18T15:20:37.817Z  INFO 40817 --- [restartedMain] .s.d.r.c.RepositoryConfigurationDelegate : Multiple Spring Data modules found, entering strict repository configuration mode
2023-12-18T15:20:37.817Z  INFO 40817 --- [restartedMain] .s.d.r.c.RepositoryConfigurationDelegate : Bootstrapping Spring Data Elasticsearch repositories in DEFAULT mode.
2023-12-18T15:20:37.825Z  INFO 40817 --- [restartedMain] .s.d.r.c.RepositoryConfigurationDelegate : Finished Spring Data repository scanning in 7 ms. Found 2 Elasticsearch repository interfaces.
2023-12-18T15:20:37.826Z  INFO 40817 --- [restartedMain] .s.d.r.c.RepositoryConfigurationDelegate : Multiple Spring Data modules found, entering strict repository configuration mode
2023-12-18T15:20:37.827Z  INFO 40817 --- [restartedMain] .s.d.r.c.RepositoryConfigurationDelegate : Bootstrapping Spring Data Reactive Elasticsearch repositories in DEFAULT mode.
2023-12-18T15:20:37.829Z  INFO 40817 --- [restartedMain] .s.d.r.c.RepositoryConfigurationDelegate : Finished Spring Data repository scanning in 1 ms. Found 0 Reactive Elasticsearch repository interfaces.
2023-12-18T15:20:37.916Z  INFO 40817 --- [restartedMain] o.s.b.w.embedded.tomcat.TomcatWebServer  : Tomcat initialized with port(s): 8080 (http)
2023-12-18T15:20:37.918Z  INFO 40817 --- [restartedMain] o.apache.catalina.core.StandardService   : Starting service [Tomcat]
2023-12-18T15:20:37.918Z  INFO 40817 --- [restartedMain] o.apache.catalina.core.StandardEngine    : Starting Servlet engine: [Apache Tomcat/10.1.15]
2023-12-18T15:20:37.942Z  INFO 40817 --- [restartedMain] o.a.c.c.C.[Tomcat].[localhost].[/]       : Initializing Spring embedded WebApplicationContext
2023-12-18T15:20:37.942Z  INFO 40817 --- [restartedMain] w.s.c.ServletWebServerApplicationContext : Root WebApplicationContext: initialization completed in 339 ms
2023-12-18T15:20:38.033Z  INFO 40817 --- [restartedMain] o.s.b.d.a.OptionalLiveReloadServer       : LiveReload server is running on port 35729
2023-12-18T15:20:38.200Z  INFO 40817 --- [restartedMain] o.s.b.a.e.web.EndpointLinksResolver      : Exposing 1 endpoint(s) beneath base path '/actuator'
2023-12-18T15:20:38.216Z  INFO 40817 --- [restartedMain] o.s.b.w.embedded.tomcat.TomcatWebServer  : Tomcat started on port(s): 8080 (http) with context path ''
2023-12-18T15:20:38.227Z  INFO 40817 --- [restartedMain] com.udd.project.ProjectApplication       : Started ProjectApplication in 0.646 seconds (process running for 222.798)
2023-12-18T15:20:38.229Z  INFO 40817 --- [restartedMain] .ConditionEvaluationDeltaLoggingListener : Condition evaluation unchanged
2023-12-18T15:20:38.229Z  INFO 40817 --- [restartedMain] com.udd.project.ProjectApplication       : STATISTIC-LOG serveFile -> 
2023-12-18T15:20:40.616Z  INFO 40817 --- [File Watcher] rtingClassPathChangeChangedEventListener : Restarting due to 1 class path change (0 additions, 0 deletions, 1 modification)
2023-12-18T15:20:40.619Z  INFO 40817 --- [Thread-35] o.apache.catalina.core.StandardService   : Stopping service [Tomcat]
2023-12-18T15:20:40.731Z  INFO 40817 --- [restartedMain] com.udd.project.ProjectApplication       : Starting ProjectApplication using Java 17.0.9 with PID 40817 (/workspaces/udd/project/target/classes started by codespace in /workspaces/udd/project)
2023-12-18T15:20:40.733Z  INFO 40817 --- [restartedMain] com.udd.project.ProjectApplication       : No active profile set, falling back to 1 default profile: "default"
2023-12-18T15:20:40.929Z  INFO 40817 --- [restartedMain] .s.d.r.c.RepositoryConfigurationDelegate : Multiple Spring Data modules found, entering strict repository configuration mode
2023-12-18T15:20:40.930Z  INFO 40817 --- [restartedMain] .s.d.r.c.RepositoryConfigurationDelegate : Bootstrapping Spring Data Elasticsearch repositories in DEFAULT mode.
2023-12-18T15:20:40.939Z  INFO 40817 --- [restartedMain] .s.d.r.c.RepositoryConfigurationDelegate : Finished Spring Data repository scanning in 9 ms. Found 2 Elasticsearch repository interfaces.
2023-12-18T15:20:40.941Z  INFO 40817 --- [restartedMain] .s.d.r.c.RepositoryConfigurationDelegate : Multiple Spring Data modules found, entering strict repository configuration mode
2023-12-18T15:20:40.941Z  INFO 40817 --- [restartedMain] .s.d.r.c.RepositoryConfigurationDelegate : Bootstrapping Spring Data Reactive Elasticsearch repositories in DEFAULT mode.
2023-12-18T15:20:40.943Z  INFO 40817 --- [restartedMain] .s.d.r.c.RepositoryConfigurationDelegate : Finished Spring Data repository scanning in 1 ms. Found 0 Reactive Elasticsearch repository interfaces.
2023-12-18T15:20:41.020Z  INFO 40817 --- [restartedMain] o.s.b.w.embedded.tomcat.TomcatWebServer  : Tomcat initialized with port(s): 8080 (http)
2023-12-18T15:20:41.021Z  INFO 40817 --- [restartedMain] o.apache.catalina.core.StandardService   : Starting service [Tomcat]
2023-12-18T15:20:41.021Z  INFO 40817 --- [restartedMain] o.apache.catalina.core.StandardEngine    : Starting Servlet engine: [Apache Tomcat/10.1.15]
2023-12-18T15:20:41.055Z  INFO 40817 --- [restartedMain] o.a.c.c.C.[Tomcat].[localhost].[/]       : Initializing Spring embedded WebApplicationContext
2023-12-18T15:20:41.055Z  INFO 40817 --- [restartedMain] w.s.c.ServletWebServerApplicationContext : Root WebApplicationContext: initialization completed in 321 ms
2023-12-18T15:20:41.161Z  INFO 40817 --- [restartedMain] o.s.b.d.a.OptionalLiveReloadServer       : LiveReload server is running on port 35729
2023-12-18T15:20:41.306Z  INFO 40817 --- [restartedMain] o.s.b.a.e.web.EndpointLinksResolver      : Exposing 1 endpoint(s) beneath base path '/actuator'
2023-12-18T15:20:41.325Z  INFO 40817 --- [restartedMain] o.s.b.w.embedded.tomcat.TomcatWebServer  : Tomcat started on port(s): 8080 (http) with context path ''
2023-12-18T15:20:41.332Z  INFO 40817 --- [restartedMain] com.udd.project.ProjectApplication       : Started ProjectApplication in 0.627 seconds (process running for 225.902)
2023-12-18T15:20:41.336Z  INFO 40817 --- [restartedMain] .ConditionEvaluationDeltaLoggingListener : Condition evaluation unchanged
2023-12-18T15:20:41.337Z  INFO 40817 --- [restartedMain] com.udd.project.ProjectApplication       : STATISTIC-LOG serveFile -> 
2023-12-18T15:21:40.772Z  INFO 40817 --- [File Watcher] rtingClassPathChangeChangedEventListener : Restarting due to 1 class path change (0 additions, 0 deletions, 1 modification)
2023-12-18T15:21:40.775Z  INFO 40817 --- [Thread-39] o.apache.catalina.core.StandardService   : Stopping service [Tomcat]
2023-12-18T15:21:40.894Z  INFO 40817 --- [restartedMain] com.udd.project.ProjectApplication       : Starting ProjectApplication using Java 17.0.9 with PID 40817 (/workspaces/udd/project/target/classes started by codespace in /workspaces/udd/project)
2023-12-18T15:21:40.894Z  INFO 40817 --- [restartedMain] com.udd.project.ProjectApplication       : No active profile set, falling back to 1 default profile: "default"
2023-12-18T15:21:41.172Z  INFO 40817 --- [restartedMain] .s.d.r.c.RepositoryConfigurationDelegate : Multiple Spring Data modules found, entering strict repository configuration mode
2023-12-18T15:21:41.172Z  INFO 40817 --- [restartedMain] .s.d.r.c.RepositoryConfigurationDelegate : Bootstrapping Spring Data Elasticsearch repositories in DEFAULT mode.
2023-12-18T15:21:41.194Z ERROR 40817 --- [restartedMain] o.s.boot.SpringApplication               : Application run failed

java.lang.NoClassDefFoundError: List
	at java.base/java.lang.Class.getDeclaredMethods0(Native Method) ~[na:na]
	at java.base/java.lang.Class.privateGetDeclaredMethods(Class.java:3402) ~[na:na]
	at java.base/java.lang.Class.privateGetPublicMethods(Class.java:3427) ~[na:na]
	at java.base/java.lang.Class.getMethods(Class.java:2019) ~[na:na]
	at org.springframework.data.util.ReactiveWrappers.usesReactiveType(ReactiveWrappers.java:141) ~[spring-data-commons-3.1.5.jar:3.1.5]
	at org.springframework.data.repository.core.support.AbstractRepositoryMetadata.isReactiveRepository(AbstractRepositoryMetadata.java:132) ~[spring-data-commons-3.1.5.jar:3.1.5]
	at org.springframework.data.elasticsearch.repository.config.ElasticsearchRepositoryConfigExtension.useRepositoryConfiguration(ElasticsearchRepositoryConfigExtension.java:118) ~[spring-data-elasticsearch-5.1.5.jar:5.1.5]
	at org.springframework.data.repository.config.RepositoryConfigurationExtensionSupport.getRepositoryConfigurations(RepositoryConfigurationExtensionSupport.java:96) ~[spring-data-commons-3.1.5.jar:3.1.5]
	at org.springframework.data.repository.config.RepositoryConfigurationDelegate.registerRepositoriesIn(RepositoryConfigurationDelegate.java:163) ~[spring-data-commons-3.1.5.jar:3.1.5]
	at org.springframework.boot.autoconfigure.data.AbstractRepositoryConfigurationSourceSupport.registerBeanDefinitions(AbstractRepositoryConfigurationSourceSupport.java:62) ~[spring-boot-autoconfigure-3.1.5.jar:3.1.5]
	at org.springframework.context.annotation.ConfigurationClassBeanDefinitionReader.lambda$loadBeanDefinitionsFromRegistrars$1(ConfigurationClassBeanDefinitionReader.java:372) ~[spring-context-6.0.13.jar:6.0.13]
	at java.base/java.util.LinkedHashMap.forEach(LinkedHashMap.java:721) ~[na:na]
	at org.springframework.context.annotation.ConfigurationClassBeanDefinitionReader.loadBeanDefinitionsFromRegistrars(ConfigurationClassBeanDefinitionReader.java:371) ~[spring-context-6.0.13.jar:6.0.13]
	at org.springframework.context.annotation.ConfigurationClassBeanDefinitionReader.loadBeanDefinitionsForConfigurationClass(ConfigurationClassBeanDefinitionReader.java:148) ~[spring-context-6.0.13.jar:6.0.13]
	at org.springframework.context.annotation.ConfigurationClassBeanDefinitionReader.loadBeanDefinitions(ConfigurationClassBeanDefinitionReader.java:120) ~[spring-context-6.0.13.jar:6.0.13]
	at org.springframework.context.annotation.ConfigurationClassPostProcessor.processConfigBeanDefinitions(ConfigurationClassPostProcessor.java:427) ~[spring-context-6.0.13.jar:6.0.13]
	at org.springframework.context.annotation.ConfigurationClassPostProcessor.postProcessBeanDefinitionRegistry(ConfigurationClassPostProcessor.java:287) ~[spring-context-6.0.13.jar:6.0.13]
	at org.springframework.context.support.PostProcessorRegistrationDelegate.invokeBeanDefinitionRegistryPostProcessors(PostProcessorRegistrationDelegate.java:344) ~[spring-context-6.0.13.jar:6.0.13]
	at org.springframework.context.support.PostProcessorRegistrationDelegate.invokeBeanFactoryPostProcessors(PostProcessorRegistrationDelegate.java:115) ~[spring-context-6.0.13.jar:6.0.13]
	at org.springframework.context.support.AbstractApplicationContext.invokeBeanFactoryPostProcessors(AbstractApplicationContext.java:779) ~[spring-context-6.0.13.jar:6.0.13]
	at org.springframework.context.support.AbstractApplicationContext.refresh(AbstractApplicationContext.java:597) ~[spring-context-6.0.13.jar:6.0.13]
	at org.springframework.boot.web.servlet.context.ServletWebServerApplicationContext.refresh(ServletWebServerApplicationContext.java:146) ~[spring-boot-3.1.5.jar:3.1.5]
	at org.springframework.boot.SpringApplication.refresh(SpringApplication.java:738) ~[spring-boot-3.1.5.jar:3.1.5]
	at org.springframework.boot.SpringApplication.refreshContext(SpringApplication.java:440) ~[spring-boot-3.1.5.jar:3.1.5]
	at org.springframework.boot.SpringApplication.run(SpringApplication.java:316) ~[spring-boot-3.1.5.jar:3.1.5]
	at org.springframework.boot.SpringApplication.run(SpringApplication.java:1306) ~[spring-boot-3.1.5.jar:3.1.5]
	at org.springframework.boot.SpringApplication.run(SpringApplication.java:1295) ~[spring-boot-3.1.5.jar:3.1.5]
	at com.udd.project.ProjectApplication.main(ProjectApplication.java:16) ~[classes/:na]
	at java.base/jdk.internal.reflect.NativeMethodAccessorImpl.invoke0(Native Method) ~[na:na]
	at java.base/jdk.internal.reflect.NativeMethodAccessorImpl.invoke(NativeMethodAccessorImpl.java:77) ~[na:na]
	at java.base/jdk.internal.reflect.DelegatingMethodAccessorImpl.invoke(DelegatingMethodAccessorImpl.java:43) ~[na:na]
	at java.base/java.lang.reflect.Method.invoke(Method.java:568) ~[na:na]
	at org.springframework.boot.devtools.restart.RestartLauncher.run(RestartLauncher.java:50) ~[spring-boot-devtools-3.1.5.jar:3.1.5]
Caused by: java.lang.ClassNotFoundException: List
	at java.base/jdk.internal.loader.BuiltinClassLoader.loadClass(BuiltinClassLoader.java:641) ~[na:na]
	at java.base/jdk.internal.loader.ClassLoaders$AppClassLoader.loadClass(ClassLoaders.java:188) ~[na:na]
	at java.base/java.lang.ClassLoader.loadClass(ClassLoader.java:525) ~[na:na]
	at java.base/java.lang.Class.forName0(Native Method) ~[na:na]
	at java.base/java.lang.Class.forName(Class.java:467) ~[na:na]
	at org.springframework.boot.devtools.restart.classloader.RestartClassLoader.loadClass(RestartClassLoader.java:121) ~[spring-boot-devtools-3.1.5.jar:3.1.5]
	at java.base/java.lang.ClassLoader.loadClass(ClassLoader.java:525) ~[na:na]
	... 33 common frames omitted

2023-12-18T15:21:46.715Z  INFO 40817 --- [restartedMain] .e.DevToolsPropertyDefaultsPostProcessor : Devtools property defaults active! Set 'spring.devtools.add-properties' to 'false' to disable
2023-12-18T15:21:46.716Z  INFO 40817 --- [restartedMain] .e.DevToolsPropertyDefaultsPostProcessor : For additional web related logging consider setting the 'logging.level.web' property to 'DEBUG'
2023-12-18T15:21:46.726Z  INFO 40817 --- [restartedMain] com.udd.project.ProjectApplication       : Starting ProjectApplication using Java 17.0.9 with PID 40817 (/workspaces/udd/project/target/classes started by codespace in /workspaces/udd/project)
2023-12-18T15:21:46.726Z  INFO 40817 --- [restartedMain] com.udd.project.ProjectApplication       : No active profile set, falling back to 1 default profile: "default"
2023-12-18T15:21:47.140Z  INFO 40817 --- [restartedMain] .s.d.r.c.RepositoryConfigurationDelegate : Multiple Spring Data modules found, entering strict repository configuration mode
2023-12-18T15:21:47.142Z  INFO 40817 --- [restartedMain] .s.d.r.c.RepositoryConfigurationDelegate : Bootstrapping Spring Data Elasticsearch repositories in DEFAULT mode.
2023-12-18T15:21:47.158Z ERROR 40817 --- [restartedMain] o.s.boot.SpringApplication               : Application run failed

java.lang.NoClassDefFoundError: List
	at java.base/java.lang.Class.getDeclaredMethods0(Native Method) ~[na:na]
	at java.base/java.lang.Class.privateGetDeclaredMethods(Class.java:3402) ~[na:na]
	at java.base/java.lang.Class.privateGetPublicMethods(Class.java:3427) ~[na:na]
	at java.base/java.lang.Class.getMethods(Class.java:2019) ~[na:na]
	at org.springframework.data.util.ReactiveWrappers.usesReactiveType(ReactiveWrappers.java:141) ~[spring-data-commons-3.1.5.jar:3.1.5]
	at org.springframework.data.repository.core.support.AbstractRepositoryMetadata.isReactiveRepository(AbstractRepositoryMetadata.java:132) ~[spring-data-commons-3.1.5.jar:3.1.5]
	at org.springframework.data.elasticsearch.repository.config.ElasticsearchRepositoryConfigExtension.useRepositoryConfiguration(ElasticsearchRepositoryConfigExtension.java:118) ~[spring-data-elasticsearch-5.1.5.jar:5.1.5]
	at org.springframework.data.repository.config.RepositoryConfigurationExtensionSupport.getRepositoryConfigurations(RepositoryConfigurationExtensionSupport.java:96) ~[spring-data-commons-3.1.5.jar:3.1.5]
	at org.springframework.data.repository.config.RepositoryConfigurationDelegate.registerRepositoriesIn(RepositoryConfigurationDelegate.java:163) ~[spring-data-commons-3.1.5.jar:3.1.5]
	at org.springframework.boot.autoconfigure.data.AbstractRepositoryConfigurationSourceSupport.registerBeanDefinitions(AbstractRepositoryConfigurationSourceSupport.java:62) ~[spring-boot-autoconfigure-3.1.5.jar:3.1.5]
	at org.springframework.context.annotation.ConfigurationClassBeanDefinitionReader.lambda$loadBeanDefinitionsFromRegistrars$1(ConfigurationClassBeanDefinitionReader.java:372) ~[spring-context-6.0.13.jar:6.0.13]
	at java.base/java.util.LinkedHashMap.forEach(LinkedHashMap.java:721) ~[na:na]
	at org.springframework.context.annotation.ConfigurationClassBeanDefinitionReader.loadBeanDefinitionsFromRegistrars(ConfigurationClassBeanDefinitionReader.java:371) ~[spring-context-6.0.13.jar:6.0.13]
	at org.springframework.context.annotation.ConfigurationClassBeanDefinitionReader.loadBeanDefinitionsForConfigurationClass(ConfigurationClassBeanDefinitionReader.java:148) ~[spring-context-6.0.13.jar:6.0.13]
	at org.springframework.context.annotation.ConfigurationClassBeanDefinitionReader.loadBeanDefinitions(ConfigurationClassBeanDefinitionReader.java:120) ~[spring-context-6.0.13.jar:6.0.13]
	at org.springframework.context.annotation.ConfigurationClassPostProcessor.processConfigBeanDefinitions(ConfigurationClassPostProcessor.java:427) ~[spring-context-6.0.13.jar:6.0.13]
	at org.springframework.context.annotation.ConfigurationClassPostProcessor.postProcessBeanDefinitionRegistry(ConfigurationClassPostProcessor.java:287) ~[spring-context-6.0.13.jar:6.0.13]
	at org.springframework.context.support.PostProcessorRegistrationDelegate.invokeBeanDefinitionRegistryPostProcessors(PostProcessorRegistrationDelegate.java:344) ~[spring-context-6.0.13.jar:6.0.13]
	at org.springframework.context.support.PostProcessorRegistrationDelegate.invokeBeanFactoryPostProcessors(PostProcessorRegistrationDelegate.java:115) ~[spring-context-6.0.13.jar:6.0.13]
	at org.springframework.context.support.AbstractApplicationContext.invokeBeanFactoryPostProcessors(AbstractApplicationContext.java:779) ~[spring-context-6.0.13.jar:6.0.13]
	at org.springframework.context.support.AbstractApplicationContext.refresh(AbstractApplicationContext.java:597) ~[spring-context-6.0.13.jar:6.0.13]
	at org.springframework.boot.web.servlet.context.ServletWebServerApplicationContext.refresh(ServletWebServerApplicationContext.java:146) ~[spring-boot-3.1.5.jar:3.1.5]
	at org.springframework.boot.SpringApplication.refresh(SpringApplication.java:738) ~[spring-boot-3.1.5.jar:3.1.5]
	at org.springframework.boot.SpringApplication.refreshContext(SpringApplication.java:440) ~[spring-boot-3.1.5.jar:3.1.5]
	at org.springframework.boot.SpringApplication.run(SpringApplication.java:316) ~[spring-boot-3.1.5.jar:3.1.5]
	at org.springframework.boot.SpringApplication.run(SpringApplication.java:1306) ~[spring-boot-3.1.5.jar:3.1.5]
	at org.springframework.boot.SpringApplication.run(SpringApplication.java:1295) ~[spring-boot-3.1.5.jar:3.1.5]
	at com.udd.project.ProjectApplication.main(ProjectApplication.java:16) ~[classes/:na]
	at java.base/jdk.internal.reflect.NativeMethodAccessorImpl.invoke0(Native Method) ~[na:na]
	at java.base/jdk.internal.reflect.NativeMethodAccessorImpl.invoke(NativeMethodAccessorImpl.java:77) ~[na:na]
	at java.base/jdk.internal.reflect.DelegatingMethodAccessorImpl.invoke(DelegatingMethodAccessorImpl.java:43) ~[na:na]
	at java.base/java.lang.reflect.Method.invoke(Method.java:568) ~[na:na]
	at org.springframework.boot.devtools.restart.RestartLauncher.run(RestartLauncher.java:50) ~[spring-boot-devtools-3.1.5.jar:3.1.5]
Caused by: java.lang.ClassNotFoundException: List
	at java.base/jdk.internal.loader.BuiltinClassLoader.loadClass(BuiltinClassLoader.java:641) ~[na:na]
	at java.base/jdk.internal.loader.ClassLoaders$AppClassLoader.loadClass(ClassLoaders.java:188) ~[na:na]
	at java.base/java.lang.ClassLoader.loadClass(ClassLoader.java:525) ~[na:na]
	at java.base/java.lang.Class.forName0(Native Method) ~[na:na]
	at java.base/java.lang.Class.forName(Class.java:467) ~[na:na]
	at org.springframework.boot.devtools.restart.classloader.RestartClassLoader.loadClass(RestartClassLoader.java:121) ~[spring-boot-devtools-3.1.5.jar:3.1.5]
	at java.base/java.lang.ClassLoader.loadClass(ClassLoader.java:525) ~[na:na]
	... 33 common frames omitted

2023-12-18T15:21:54.595Z  INFO 40817 --- [restartedMain] .e.DevToolsPropertyDefaultsPostProcessor : Devtools property defaults active! Set 'spring.devtools.add-properties' to 'false' to disable
2023-12-18T15:21:54.596Z  INFO 40817 --- [restartedMain] .e.DevToolsPropertyDefaultsPostProcessor : For additional web related logging consider setting the 'logging.level.web' property to 'DEBUG'
2023-12-18T15:21:54.600Z  INFO 40817 --- [restartedMain] com.udd.project.ProjectApplication       : Starting ProjectApplication using Java 17.0.9 with PID 40817 (/workspaces/udd/project/target/classes started by codespace in /workspaces/udd/project)
2023-12-18T15:21:54.601Z  INFO 40817 --- [restartedMain] com.udd.project.ProjectApplication       : No active profile set, falling back to 1 default profile: "default"
2023-12-18T15:21:54.795Z  INFO 40817 --- [restartedMain] .s.d.r.c.RepositoryConfigurationDelegate : Multiple Spring Data modules found, entering strict repository configuration mode
2023-12-18T15:21:54.796Z  INFO 40817 --- [restartedMain] .s.d.r.c.RepositoryConfigurationDelegate : Bootstrapping Spring Data Elasticsearch repositories in DEFAULT mode.
2023-12-18T15:21:54.801Z  INFO 40817 --- [restartedMain] .s.d.r.c.RepositoryConfigurationDelegate : Finished Spring Data repository scanning in 5 ms. Found 1 Elasticsearch repository interfaces.
2023-12-18T15:21:54.802Z  INFO 40817 --- [restartedMain] .s.d.r.c.RepositoryConfigurationDelegate : Multiple Spring Data modules found, entering strict repository configuration mode
2023-12-18T15:21:54.802Z  INFO 40817 --- [restartedMain] .s.d.r.c.RepositoryConfigurationDelegate : Bootstrapping Spring Data Reactive Elasticsearch repositories in DEFAULT mode.
2023-12-18T15:21:54.804Z  INFO 40817 --- [restartedMain] .s.d.r.c.RepositoryConfigurationDelegate : Finished Spring Data repository scanning in 1 ms. Found 0 Reactive Elasticsearch repository interfaces.
2023-12-18T15:21:54.906Z  INFO 40817 --- [restartedMain] o.s.b.w.embedded.tomcat.TomcatWebServer  : Tomcat initialized with port(s): 8080 (http)
2023-12-18T15:21:54.907Z  INFO 40817 --- [restartedMain] o.apache.catalina.core.StandardService   : Starting service [Tomcat]
2023-12-18T15:21:54.908Z  INFO 40817 --- [restartedMain] o.apache.catalina.core.StandardEngine    : Starting Servlet engine: [Apache Tomcat/10.1.15]
2023-12-18T15:21:54.928Z  INFO 40817 --- [restartedMain] o.a.c.c.C.[Tomcat].[localhost].[/]       : Initializing Spring embedded WebApplicationContext
2023-12-18T15:21:54.928Z  INFO 40817 --- [restartedMain] w.s.c.ServletWebServerApplicationContext : Root WebApplicationContext: initialization completed in 325 ms
2023-12-18T15:21:54.974Z  INFO 40817 --- [restartedMain] o.s.b.d.a.OptionalLiveReloadServer       : LiveReload server is running on port 35729
2023-12-18T15:21:55.101Z  INFO 40817 --- [restartedMain] o.s.b.a.e.web.EndpointLinksResolver      : Exposing 1 endpoint(s) beneath base path '/actuator'
2023-12-18T15:21:55.117Z  INFO 40817 --- [restartedMain] o.s.b.w.embedded.tomcat.TomcatWebServer  : Tomcat started on port(s): 8080 (http) with context path ''
2023-12-18T15:21:55.125Z  INFO 40817 --- [restartedMain] com.udd.project.ProjectApplication       : Started ProjectApplication in 0.544 seconds (process running for 299.696)
2023-12-18T15:21:55.127Z  INFO 40817 --- [restartedMain] .ConditionEvaluationDeltaLoggingListener : Condition evaluation unchanged
2023-12-18T15:21:55.127Z  INFO 40817 --- [restartedMain] com.udd.project.ProjectApplication       : STATISTIC-LOG serveFile -> 
2023-12-18T15:22:19.556Z  INFO 40817 --- [File Watcher] rtingClassPathChangeChangedEventListener : Restarting due to 1 class path change (0 additions, 0 deletions, 1 modification)
2023-12-18T15:22:19.560Z  INFO 40817 --- [Thread-43] o.apache.catalina.core.StandardService   : Stopping service [Tomcat]
2023-12-18T15:22:19.705Z  INFO 40817 --- [restartedMain] com.udd.project.ProjectApplication       : Starting ProjectApplication using Java 17.0.9 with PID 40817 (/workspaces/udd/project/target/classes started by codespace in /workspaces/udd/project)
2023-12-18T15:22:19.706Z  INFO 40817 --- [restartedMain] com.udd.project.ProjectApplication       : No active profile set, falling back to 1 default profile: "default"
2023-12-18T15:22:19.906Z  INFO 40817 --- [restartedMain] .s.d.r.c.RepositoryConfigurationDelegate : Multiple Spring Data modules found, entering strict repository configuration mode
2023-12-18T15:22:19.907Z  INFO 40817 --- [restartedMain] .s.d.r.c.RepositoryConfigurationDelegate : Bootstrapping Spring Data Elasticsearch repositories in DEFAULT mode.
2023-12-18T15:22:19.913Z  INFO 40817 --- [restartedMain] .s.d.r.c.RepositoryConfigurationDelegate : Finished Spring Data repository scanning in 6 ms. Found 2 Elasticsearch repository interfaces.
2023-12-18T15:22:19.915Z  INFO 40817 --- [restartedMain] .s.d.r.c.RepositoryConfigurationDelegate : Multiple Spring Data modules found, entering strict repository configuration mode
2023-12-18T15:22:19.915Z  INFO 40817 --- [restartedMain] .s.d.r.c.RepositoryConfigurationDelegate : Bootstrapping Spring Data Reactive Elasticsearch repositories in DEFAULT mode.
2023-12-18T15:22:19.917Z  INFO 40817 --- [restartedMain] .s.d.r.c.RepositoryConfigurationDelegate : Finished Spring Data repository scanning in 1 ms. Found 0 Reactive Elasticsearch repository interfaces.
2023-12-18T15:22:19.984Z  INFO 40817 --- [restartedMain] o.s.b.w.embedded.tomcat.TomcatWebServer  : Tomcat initialized with port(s): 8080 (http)
2023-12-18T15:22:19.986Z  INFO 40817 --- [restartedMain] o.apache.catalina.core.StandardService   : Starting service [Tomcat]
2023-12-18T15:22:19.987Z  INFO 40817 --- [restartedMain] o.apache.catalina.core.StandardEngine    : Starting Servlet engine: [Apache Tomcat/10.1.15]
2023-12-18T15:22:20.020Z  INFO 40817 --- [restartedMain] o.a.c.c.C.[Tomcat].[localhost].[/]       : Initializing Spring embedded WebApplicationContext
2023-12-18T15:22:20.021Z  INFO 40817 --- [restartedMain] w.s.c.ServletWebServerApplicationContext : Root WebApplicationContext: initialization completed in 313 ms
2023-12-18T15:22:20.119Z  INFO 40817 --- [restartedMain] o.s.b.d.a.OptionalLiveReloadServer       : LiveReload server is running on port 35729
2023-12-18T15:22:20.313Z  WARN 40817 --- [restartedMain] ConfigServletWebServerApplicationContext : Exception encountered during context initialization - cancelling refresh attempt: org.springframework.beans.factory.BeanCreationException: Error creating bean with name 'contractRepositoryES' defined in com.udd.project.esrepository.ContractRepositoryES defined in @EnableElasticsearchRepositories declared on ElasticsearchRepositoriesRegistrar.EnableElasticsearchRepositoriesConfiguration: Unresolved compilation problem: 
	The declared package "" does not match the expected package "com.udd.project.esrepository"

2023-12-18T15:22:20.317Z  INFO 40817 --- [restartedMain] o.apache.catalina.core.StandardService   : Stopping service [Tomcat]
2023-12-18T15:22:20.326Z  INFO 40817 --- [restartedMain] .s.b.a.l.ConditionEvaluationReportLogger : 

Error starting ApplicationContext. To display the condition evaluation report re-run your application with 'debug' enabled.
2023-12-18T15:22:20.328Z ERROR 40817 --- [restartedMain] o.s.boot.SpringApplication               : Application run failed

org.springframework.beans.factory.BeanCreationException: Error creating bean with name 'contractRepositoryES' defined in com.udd.project.esrepository.ContractRepositoryES defined in @EnableElasticsearchRepositories declared on ElasticsearchRepositoriesRegistrar.EnableElasticsearchRepositoriesConfiguration: Unresolved compilation problem: 
	The declared package "" does not match the expected package "com.udd.project.esrepository"

	at org.springframework.beans.factory.support.AbstractAutowireCapableBeanFactory.initializeBean(AbstractAutowireCapableBeanFactory.java:1770) ~[spring-beans-6.0.13.jar:6.0.13]
	at org.springframework.beans.factory.support.AbstractAutowireCapableBeanFactory.doCreateBean(AbstractAutowireCapableBeanFactory.java:598) ~[spring-beans-6.0.13.jar:6.0.13]
	at org.springframework.beans.factory.support.AbstractAutowireCapableBeanFactory.createBean(AbstractAutowireCapableBeanFactory.java:520) ~[spring-beans-6.0.13.jar:6.0.13]
	at org.springframework.beans.factory.support.AbstractBeanFactory.lambda$doGetBean$0(AbstractBeanFactory.java:325) ~[spring-beans-6.0.13.jar:6.0.13]
	at org.springframework.beans.factory.support.DefaultSingletonBeanRegistry.getSingleton(DefaultSingletonBeanRegistry.java:234) ~[spring-beans-6.0.13.jar:6.0.13]
	at org.springframework.beans.factory.support.AbstractBeanFactory.doGetBean(AbstractBeanFactory.java:323) ~[spring-beans-6.0.13.jar:6.0.13]
	at org.springframework.beans.factory.support.AbstractBeanFactory.getBean(AbstractBeanFactory.java:199) ~[spring-beans-6.0.13.jar:6.0.13]
	at org.springframework.beans.factory.support.DefaultListableBeanFactory.preInstantiateSingletons(DefaultListableBeanFactory.java:967) ~[spring-beans-6.0.13.jar:6.0.13]
	at org.springframework.context.support.AbstractApplicationContext.finishBeanFactoryInitialization(AbstractApplicationContext.java:950) ~[spring-context-6.0.13.jar:6.0.13]
	at org.springframework.context.support.AbstractApplicationContext.refresh(AbstractApplicationContext.java:616) ~[spring-context-6.0.13.jar:6.0.13]
	at org.springframework.boot.web.servlet.context.ServletWebServerApplicationContext.refresh(ServletWebServerApplicationContext.java:146) ~[spring-boot-3.1.5.jar:3.1.5]
	at org.springframework.boot.SpringApplication.refresh(SpringApplication.java:738) ~[spring-boot-3.1.5.jar:3.1.5]
	at org.springframework.boot.SpringApplication.refreshContext(SpringApplication.java:440) ~[spring-boot-3.1.5.jar:3.1.5]
	at org.springframework.boot.SpringApplication.run(SpringApplication.java:316) ~[spring-boot-3.1.5.jar:3.1.5]
	at org.springframework.boot.SpringApplication.run(SpringApplication.java:1306) ~[spring-boot-3.1.5.jar:3.1.5]
	at org.springframework.boot.SpringApplication.run(SpringApplication.java:1295) ~[spring-boot-3.1.5.jar:3.1.5]
	at com.udd.project.ProjectApplication.main(ProjectApplication.java:16) ~[classes/:na]
	at java.base/jdk.internal.reflect.NativeMethodAccessorImpl.invoke0(Native Method) ~[na:na]
	at java.base/jdk.internal.reflect.NativeMethodAccessorImpl.invoke(NativeMethodAccessorImpl.java:77) ~[na:na]
	at java.base/jdk.internal.reflect.DelegatingMethodAccessorImpl.invoke(DelegatingMethodAccessorImpl.java:43) ~[na:na]
	at java.base/java.lang.reflect.Method.invoke(Method.java:568) ~[na:na]
	at org.springframework.boot.devtools.restart.RestartLauncher.run(RestartLauncher.java:50) ~[spring-boot-devtools-3.1.5.jar:3.1.5]
Caused by: java.lang.Error: Unresolved compilation problem: 
	The declared package "" does not match the expected package "com.udd.project.esrepository"

	at com.udd.project.esrepository.ContractRepositoryES.<clinit>(ContractRepositoryES.java:1) ~[classes/:na]
	at java.base/java.lang.Class.forName0(Native Method) ~[na:na]
	at java.base/java.lang.Class.forName(Class.java:375) ~[na:na]
	at jdk.proxy14/jdk.proxy14.$Proxy129.<clinit>(Unknown Source) ~[na:na]
	at java.base/jdk.internal.reflect.NativeConstructorAccessorImpl.newInstance0(Native Method) ~[na:na]
	at java.base/jdk.internal.reflect.NativeConstructorAccessorImpl.newInstance(NativeConstructorAccessorImpl.java:77) ~[na:na]
	at java.base/jdk.internal.reflect.DelegatingConstructorAccessorImpl.newInstance(DelegatingConstructorAccessorImpl.java:45) ~[na:na]
	at java.base/java.lang.reflect.Constructor.newInstanceWithCaller(Constructor.java:499) ~[na:na]
	at java.base/java.lang.reflect.Constructor.newInstance(Constructor.java:480) ~[na:na]
	at java.base/java.lang.reflect.Proxy.newProxyInstance(Proxy.java:1053) ~[na:na]
	at java.base/java.lang.reflect.Proxy.newProxyInstance(Proxy.java:1039) ~[na:na]
	at org.springframework.aop.framework.JdkDynamicAopProxy.getProxy(JdkDynamicAopProxy.java:123) ~[spring-aop-6.0.13.jar:6.0.13]
	at org.springframework.aop.framework.ProxyFactory.getProxy(ProxyFactory.java:110) ~[spring-aop-6.0.13.jar:6.0.13]
	at org.springframework.data.repository.core.support.RepositoryFactorySupport.getRepository(RepositoryFactorySupport.java:363) ~[spring-data-commons-3.1.5.jar:3.1.5]
	at org.springframework.data.repository.core.support.RepositoryFactoryBeanSupport.lambda$afterPropertiesSet$5(RepositoryFactoryBeanSupport.java:279) ~[spring-data-commons-3.1.5.jar:3.1.5]
	at org.springframework.data.util.Lazy.getNullable(Lazy.java:245) ~[spring-data-commons-3.1.5.jar:3.1.5]
	at org.springframework.data.util.Lazy.get(Lazy.java:114) ~[spring-data-commons-3.1.5.jar:3.1.5]
	at org.springframework.data.repository.core.support.RepositoryFactoryBeanSupport.afterPropertiesSet(RepositoryFactoryBeanSupport.java:285) ~[spring-data-commons-3.1.5.jar:3.1.5]
	at org.springframework.data.elasticsearch.repository.support.ElasticsearchRepositoryFactoryBean.afterPropertiesSet(ElasticsearchRepositoryFactoryBean.java:69) ~[spring-data-elasticsearch-5.1.5.jar:5.1.5]
	at org.springframework.beans.factory.support.AbstractAutowireCapableBeanFactory.invokeInitMethods(AbstractAutowireCapableBeanFactory.java:1817) ~[spring-beans-6.0.13.jar:6.0.13]
	at org.springframework.beans.factory.support.AbstractAutowireCapableBeanFactory.initializeBean(AbstractAutowireCapableBeanFactory.java:1766) ~[spring-beans-6.0.13.jar:6.0.13]
	... 21 common frames omitted

2023-12-18T15:22:50.787Z  INFO 40817 --- [restartedMain] com.udd.project.ProjectApplication       : Starting ProjectApplication using Java 17.0.9 with PID 40817 (/workspaces/udd/project/target/classes started by codespace in /workspaces/udd/project)
2023-12-18T15:22:50.788Z  INFO 40817 --- [restartedMain] com.udd.project.ProjectApplication       : No active profile set, falling back to 1 default profile: "default"
2023-12-18T15:22:51.018Z  INFO 40817 --- [restartedMain] .s.d.r.c.RepositoryConfigurationDelegate : Multiple Spring Data modules found, entering strict repository configuration mode
2023-12-18T15:22:51.018Z  INFO 40817 --- [restartedMain] .s.d.r.c.RepositoryConfigurationDelegate : Bootstrapping Spring Data Elasticsearch repositories in DEFAULT mode.
2023-12-18T15:22:51.024Z  INFO 40817 --- [restartedMain] .s.d.r.c.RepositoryConfigurationDelegate : Finished Spring Data repository scanning in 5 ms. Found 2 Elasticsearch repository interfaces.
2023-12-18T15:22:51.025Z  INFO 40817 --- [restartedMain] .s.d.r.c.RepositoryConfigurationDelegate : Multiple Spring Data modules found, entering strict repository configuration mode
2023-12-18T15:22:51.025Z  INFO 40817 --- [restartedMain] .s.d.r.c.RepositoryConfigurationDelegate : Bootstrapping Spring Data Reactive Elasticsearch repositories in DEFAULT mode.
2023-12-18T15:22:51.027Z  INFO 40817 --- [restartedMain] .s.d.r.c.RepositoryConfigurationDelegate : Finished Spring Data repository scanning in 1 ms. Found 0 Reactive Elasticsearch repository interfaces.
2023-12-18T15:22:51.095Z  INFO 40817 --- [restartedMain] o.s.b.w.embedded.tomcat.TomcatWebServer  : Tomcat initialized with port(s): 8080 (http)
2023-12-18T15:22:51.096Z  INFO 40817 --- [restartedMain] o.apache.catalina.core.StandardService   : Starting service [Tomcat]
2023-12-18T15:22:51.096Z  INFO 40817 --- [restartedMain] o.apache.catalina.core.StandardEngine    : Starting Servlet engine: [Apache Tomcat/10.1.15]
2023-12-18T15:22:51.120Z  INFO 40817 --- [restartedMain] o.a.c.c.C.[Tomcat-1].[localhost].[/]     : Initializing Spring embedded WebApplicationContext
2023-12-18T15:22:51.120Z  INFO 40817 --- [restartedMain] w.s.c.ServletWebServerApplicationContext : Root WebApplicationContext: initialization completed in 331 ms
2023-12-18T15:22:51.207Z  INFO 40817 --- [restartedMain] o.s.b.d.a.OptionalLiveReloadServer       : LiveReload server is running on port 35729
2023-12-18T15:22:51.387Z  INFO 40817 --- [restartedMain] o.s.b.a.e.web.EndpointLinksResolver      : Exposing 1 endpoint(s) beneath base path '/actuator'
2023-12-18T15:22:51.399Z  INFO 40817 --- [restartedMain] o.s.b.w.embedded.tomcat.TomcatWebServer  : Tomcat started on port(s): 8080 (http) with context path ''
2023-12-18T15:22:51.405Z  INFO 40817 --- [restartedMain] com.udd.project.ProjectApplication       : Started ProjectApplication in 0.632 seconds (process running for 355.976)
2023-12-18T15:22:51.408Z  INFO 40817 --- [restartedMain] .ConditionEvaluationDeltaLoggingListener : Condition evaluation unchanged
2023-12-18T15:22:51.408Z  INFO 40817 --- [restartedMain] com.udd.project.ProjectApplication       : STATISTIC-LOG serveFile -> 
2023-12-18T15:22:57.802Z  INFO 40817 --- [File Watcher] rtingClassPathChangeChangedEventListener : Restarting due to 1 class path change (0 additions, 0 deletions, 1 modification)
2023-12-18T15:22:57.808Z  INFO 40817 --- [Thread-53] o.apache.catalina.core.StandardService   : Stopping service [Tomcat]
2023-12-18T15:22:58.054Z  INFO 40817 --- [restartedMain] com.udd.project.ProjectApplication       : Starting ProjectApplication using Java 17.0.9 with PID 40817 (/workspaces/udd/project/target/classes started by codespace in /workspaces/udd/project)
2023-12-18T15:22:58.055Z  INFO 40817 --- [restartedMain] com.udd.project.ProjectApplication       : No active profile set, falling back to 1 default profile: "default"
2023-12-18T15:22:58.259Z  INFO 40817 --- [restartedMain] .s.d.r.c.RepositoryConfigurationDelegate : Multiple Spring Data modules found, entering strict repository configuration mode
2023-12-18T15:22:58.260Z  INFO 40817 --- [restartedMain] .s.d.r.c.RepositoryConfigurationDelegate : Bootstrapping Spring Data Elasticsearch repositories in DEFAULT mode.
2023-12-18T15:22:58.267Z  INFO 40817 --- [restartedMain] .s.d.r.c.RepositoryConfigurationDelegate : Finished Spring Data repository scanning in 7 ms. Found 2 Elasticsearch repository interfaces.
2023-12-18T15:22:58.269Z  INFO 40817 --- [restartedMain] .s.d.r.c.RepositoryConfigurationDelegate : Multiple Spring Data modules found, entering strict repository configuration mode
2023-12-18T15:22:58.269Z  INFO 40817 --- [restartedMain] .s.d.r.c.RepositoryConfigurationDelegate : Bootstrapping Spring Data Reactive Elasticsearch repositories in DEFAULT mode.
2023-12-18T15:22:58.271Z  INFO 40817 --- [restartedMain] .s.d.r.c.RepositoryConfigurationDelegate : Finished Spring Data repository scanning in 1 ms. Found 0 Reactive Elasticsearch repository interfaces.
2023-12-18T15:22:58.477Z  INFO 40817 --- [restartedMain] o.s.b.w.embedded.tomcat.TomcatWebServer  : Tomcat initialized with port(s): 8080 (http)
2023-12-18T15:22:58.480Z  INFO 40817 --- [restartedMain] o.apache.catalina.core.StandardService   : Starting service [Tomcat]
2023-12-18T15:22:58.480Z  INFO 40817 --- [restartedMain] o.apache.catalina.core.StandardEngine    : Starting Servlet engine: [Apache Tomcat/10.1.15]
2023-12-18T15:22:58.547Z  INFO 40817 --- [restartedMain] o.a.c.c.C.[Tomcat-1].[localhost].[/]     : Initializing Spring embedded WebApplicationContext
2023-12-18T15:22:58.554Z  INFO 40817 --- [restartedMain] w.s.c.ServletWebServerApplicationContext : Root WebApplicationContext: initialization completed in 498 ms
2023-12-18T15:22:58.596Z  INFO 40817 --- [restartedMain] o.s.b.d.a.OptionalLiveReloadServer       : LiveReload server is running on port 35729
2023-12-18T15:22:58.929Z  INFO 40817 --- [restartedMain] o.s.b.a.e.web.EndpointLinksResolver      : Exposing 1 endpoint(s) beneath base path '/actuator'
2023-12-18T15:22:58.959Z  INFO 40817 --- [restartedMain] o.s.b.w.embedded.tomcat.TomcatWebServer  : Tomcat started on port(s): 8080 (http) with context path ''
2023-12-18T15:22:58.965Z  INFO 40817 --- [restartedMain] com.udd.project.ProjectApplication       : Started ProjectApplication in 0.928 seconds (process running for 363.535)
2023-12-18T15:22:58.967Z  INFO 40817 --- [restartedMain] .ConditionEvaluationDeltaLoggingListener : Condition evaluation unchanged
2023-12-18T15:22:58.968Z  INFO 40817 --- [restartedMain] com.udd.project.ProjectApplication       : STATISTIC-LOG serveFile -> 
2023-12-18T19:00:47.021Z  INFO 9232 --- [restartedMain] com.udd.project.ProjectApplication       : Starting ProjectApplication using Java 17.0.9 with PID 9232 (/workspaces/udd/project/target/classes started by codespace in /workspaces/udd/project)
2023-12-18T19:00:47.024Z  INFO 9232 --- [restartedMain] com.udd.project.ProjectApplication       : No active profile set, falling back to 1 default profile: "default"
2023-12-18T19:00:47.194Z  INFO 9232 --- [restartedMain] .e.DevToolsPropertyDefaultsPostProcessor : Devtools property defaults active! Set 'spring.devtools.add-properties' to 'false' to disable
2023-12-18T19:00:47.195Z  INFO 9232 --- [restartedMain] .e.DevToolsPropertyDefaultsPostProcessor : For additional web related logging consider setting the 'logging.level.web' property to 'DEBUG'
2023-12-18T19:00:49.308Z  INFO 9232 --- [restartedMain] .s.d.r.c.RepositoryConfigurationDelegate : Multiple Spring Data modules found, entering strict repository configuration mode
2023-12-18T19:00:49.311Z  INFO 9232 --- [restartedMain] .s.d.r.c.RepositoryConfigurationDelegate : Bootstrapping Spring Data Elasticsearch repositories in DEFAULT mode.
2023-12-18T19:00:49.381Z  INFO 9232 --- [restartedMain] .s.d.r.c.RepositoryConfigurationDelegate : Finished Spring Data repository scanning in 55 ms. Found 2 Elasticsearch repository interfaces.
2023-12-18T19:00:49.390Z  INFO 9232 --- [restartedMain] .s.d.r.c.RepositoryConfigurationDelegate : Multiple Spring Data modules found, entering strict repository configuration mode
2023-12-18T19:00:49.390Z  INFO 9232 --- [restartedMain] .s.d.r.c.RepositoryConfigurationDelegate : Bootstrapping Spring Data Reactive Elasticsearch repositories in DEFAULT mode.
2023-12-18T19:00:49.397Z  INFO 9232 --- [restartedMain] .s.d.r.c.RepositoryConfigurationDelegate : Finished Spring Data repository scanning in 6 ms. Found 0 Reactive Elasticsearch repository interfaces.
2023-12-18T19:00:50.972Z  INFO 9232 --- [restartedMain] o.s.b.w.embedded.tomcat.TomcatWebServer  : Tomcat initialized with port(s): 8080 (http)
2023-12-18T19:00:51.013Z  INFO 9232 --- [restartedMain] o.apache.catalina.core.StandardService   : Starting service [Tomcat]
2023-12-18T19:00:51.014Z  INFO 9232 --- [restartedMain] o.apache.catalina.core.StandardEngine    : Starting Servlet engine: [Apache Tomcat/10.1.15]
2023-12-18T19:00:51.203Z  INFO 9232 --- [restartedMain] o.a.c.c.C.[Tomcat].[localhost].[/]       : Initializing Spring embedded WebApplicationContext
2023-12-18T19:00:51.207Z  INFO 9232 --- [restartedMain] w.s.c.ServletWebServerApplicationContext : Root WebApplicationContext: initialization completed in 4006 ms
2023-12-18T19:00:52.479Z  INFO 9232 --- [restartedMain] o.s.b.d.a.OptionalLiveReloadServer       : LiveReload server is running on port 35729
2023-12-18T19:00:53.719Z  INFO 9232 --- [restartedMain] o.s.b.a.e.web.EndpointLinksResolver      : Exposing 1 endpoint(s) beneath base path '/actuator'
2023-12-18T19:00:53.793Z  INFO 9232 --- [restartedMain] o.s.b.w.embedded.tomcat.TomcatWebServer  : Tomcat started on port(s): 8080 (http) with context path ''
2023-12-18T19:00:53.822Z  INFO 9232 --- [restartedMain] com.udd.project.ProjectApplication       : Started ProjectApplication in 7.7 seconds (process running for 10.649)
2023-12-18T19:00:53.833Z  INFO 9232 --- [restartedMain] com.udd.project.ProjectApplication       : STATISTIC-LOG serveFile -> 
2023-12-18T19:00:55.219Z  INFO 9232 --- [RMI TCP Connection(1)-127.0.0.1] o.a.c.c.C.[Tomcat].[localhost].[/]       : Initializing Spring DispatcherServlet 'dispatcherServlet'
2023-12-18T19:00:55.220Z  INFO 9232 --- [RMI TCP Connection(1)-127.0.0.1] o.s.web.servlet.DispatcherServlet        : Initializing Servlet 'dispatcherServlet'
2023-12-18T19:00:55.221Z  INFO 9232 --- [RMI TCP Connection(1)-127.0.0.1] o.s.web.servlet.DispatcherServlet        : Completed initialization in 1 ms
